<?xml version="1.0" encoding="UTF-8"?>
<testng-results ignored="0" total="1" passed="1" failed="0" skipped="0">
  <reporter-output>
  </reporter-output>
  <suite started-at="2024-09-29T12:23:56 IST" name="Suite" finished-at="2024-09-29T12:24:16 IST" duration-ms="20079">
    <groups>
      <group name="Master">
        <method signature="TC02_Login.verifyLogin()[pri:0, instance:testCases.TC02_Login@4681c175]" name="verifyLogin" class="testCases.TC02_Login"/>
      </group> <!-- Master -->
      <group name="regression">
        <method signature="TC02_Login.verifyLogin()[pri:0, instance:testCases.TC02_Login@4681c175]" name="verifyLogin" class="testCases.TC02_Login"/>
      </group> <!-- regression -->
    </groups>
    <test started-at="2024-09-29T12:23:56 IST" name="Test" finished-at="2024-09-29T12:24:16 IST" duration-ms="20079">
      <class name="testCases.TC02_Login">
        <test-method is-config="true" signature="setup(java.lang.String,java.lang.String)[pri:0, instance:testCases.TC02_Login@4681c175]" started-at="2024-09-29T12:23:56 IST" name="setup" finished-at="2024-09-29T12:24:08 IST" duration-ms="11985" status="PASS">
          <params>
            <param index="0">
              <value>
                <![CDATA[Windows]]>
              </value>
            </param>
            <param index="1">
              <value>
                <![CDATA[chrome]]>
              </value>
            </param>
          </params>
          <reporter-output>
          </reporter-output>
        </test-method> <!-- setup -->
        <test-method signature="verifyLogin()[pri:0, instance:testCases.TC02_Login@4681c175]" started-at="2024-09-29T12:24:08 IST" name="verifyLogin" finished-at="2024-09-29T12:24:10 IST" duration-ms="2025" status="PASS">
          <reporter-output>
          </reporter-output>
        </test-method> <!-- verifyLogin -->
        <test-method is-config="true" signature="teraDown()[pri:0, instance:testCases.TC02_Login@4681c175]" started-at="2024-09-29T12:24:10 IST" name="teraDown" finished-at="2024-09-29T12:24:16 IST" duration-ms="5557" status="PASS">
          <reporter-output>
          </reporter-output>
        </test-method> <!-- teraDown -->
      </class> <!-- testCases.TC02_Login -->
    </test> <!-- Test -->
  </suite> <!-- Suite -->
</testng-results>
