<?xml version="1.0" encoding="UTF-8"?>
<testng-results ignored="0" total="3" passed="3" failed="0" skipped="0">
  <reporter-output>
  </reporter-output>
  <suite started-at="2024-09-29T11:53:03 IST" name="Suite" finished-at="2024-09-29T11:53:56 IST" duration-ms="52842">
    <groups>
      <group name="Master">
        <method signature="TC01_accountRegTest.verifyAccountReg()[pri:0, instance:testCases.TC01_accountRegTest@606e4010]" name="verifyAccountReg" class="testCases.TC01_accountRegTest"/>
        <method signature="TC01_accountRegTest.verifyAccountReg()[pri:0, instance:testCases.TC01_accountRegTest@2b30a42c]" name="verifyAccountReg" class="testCases.TC01_accountRegTest"/>
        <method signature="TC01_accountRegTest.verifyAccountReg()[pri:0, instance:testCases.TC01_accountRegTest@359df09a]" name="verifyAccountReg" class="testCases.TC01_accountRegTest"/>
      </group> <!-- Master -->
      <group name="sanity">
        <method signature="TC01_accountRegTest.verifyAccountReg()[pri:0, instance:testCases.TC01_accountRegTest@606e4010]" name="verifyAccountReg" class="testCases.TC01_accountRegTest"/>
        <method signature="TC01_accountRegTest.verifyAccountReg()[pri:0, instance:testCases.TC01_accountRegTest@2b30a42c]" name="verifyAccountReg" class="testCases.TC01_accountRegTest"/>
        <method signature="TC01_accountRegTest.verifyAccountReg()[pri:0, instance:testCases.TC01_accountRegTest@359df09a]" name="verifyAccountReg" class="testCases.TC01_accountRegTest"/>
      </group> <!-- sanity -->
    </groups>
    <test started-at="2024-09-29T11:53:03 IST" name="edgeTest" finished-at="2024-09-29T11:53:44 IST" duration-ms="40432">
      <class name="testCases.TC01_accountRegTest">
        <test-method is-config="true" signature="setup(java.lang.String,java.lang.String)[pri:0, instance:testCases.TC01_accountRegTest@2b30a42c]" started-at="2024-09-29T11:53:04 IST" name="setup" finished-at="2024-09-29T11:53:24 IST" duration-ms="20354" status="PASS">
          <params>
            <param index="0">
              <value>
                <![CDATA[Windows]]>
              </value>
            </param>
            <param index="1">
              <value>
                <![CDATA[edge]]>
              </value>
            </param>
          </params>
          <reporter-output>
          </reporter-output>
        </test-method> <!-- setup -->
        <test-method signature="verifyAccountReg()[pri:0, instance:testCases.TC01_accountRegTest@2b30a42c]" started-at="2024-09-29T11:53:24 IST" name="verifyAccountReg" finished-at="2024-09-29T11:53:31 IST" duration-ms="6635" status="PASS">
          <reporter-output>
          </reporter-output>
        </test-method> <!-- verifyAccountReg -->
        <test-method is-config="true" signature="teraDown()[pri:0, instance:testCases.TC01_accountRegTest@2b30a42c]" started-at="2024-09-29T11:53:31 IST" name="teraDown" finished-at="2024-09-29T11:53:44 IST" duration-ms="12809" status="PASS">
          <reporter-output>
          </reporter-output>
        </test-method> <!-- teraDown -->
      </class> <!-- testCases.TC01_accountRegTest -->
    </test> <!-- edgeTest -->
    <test started-at="2024-09-29T11:53:03 IST" name="chromeTest" finished-at="2024-09-29T11:53:42 IST" duration-ms="38329">
      <class name="testCases.TC01_accountRegTest">
        <test-method is-config="true" signature="setup(java.lang.String,java.lang.String)[pri:0, instance:testCases.TC01_accountRegTest@606e4010]" started-at="2024-09-29T11:53:04 IST" name="setup" finished-at="2024-09-29T11:53:24 IST" duration-ms="19612" status="PASS">
          <params>
            <param index="0">
              <value>
                <![CDATA[Windows]]>
              </value>
            </param>
            <param index="1">
              <value>
                <![CDATA[chrome]]>
              </value>
            </param>
          </params>
          <reporter-output>
          </reporter-output>
        </test-method> <!-- setup -->
        <test-method signature="verifyAccountReg()[pri:0, instance:testCases.TC01_accountRegTest@606e4010]" started-at="2024-09-29T11:53:24 IST" name="verifyAccountReg" finished-at="2024-09-29T11:53:31 IST" duration-ms="6797" status="PASS">
          <reporter-output>
          </reporter-output>
        </test-method> <!-- verifyAccountReg -->
        <test-method is-config="true" signature="teraDown()[pri:0, instance:testCases.TC01_accountRegTest@606e4010]" started-at="2024-09-29T11:53:31 IST" name="teraDown" finished-at="2024-09-29T11:53:42 IST" duration-ms="10826" status="PASS">
          <reporter-output>
          </reporter-output>
        </test-method> <!-- teraDown -->
      </class> <!-- testCases.TC01_accountRegTest -->
    </test> <!-- chromeTest -->
    <test started-at="2024-09-29T11:53:03 IST" name="firefoxTest" finished-at="2024-09-29T11:53:56 IST" duration-ms="52839">
      <class name="testCases.TC01_accountRegTest">
        <test-method is-config="true" signature="setup(java.lang.String,java.lang.String)[pri:0, instance:testCases.TC01_accountRegTest@359df09a]" started-at="2024-09-29T11:53:04 IST" name="setup" finished-at="2024-09-29T11:53:45 IST" duration-ms="41077" status="PASS">
          <params>
            <param index="0">
              <value>
                <![CDATA[Windows]]>
              </value>
            </param>
            <param index="1">
              <value>
                <![CDATA[firefox]]>
              </value>
            </param>
          </params>
          <reporter-output>
          </reporter-output>
        </test-method> <!-- setup -->
        <test-method signature="verifyAccountReg()[pri:0, instance:testCases.TC01_accountRegTest@359df09a]" started-at="2024-09-29T11:53:45 IST" name="verifyAccountReg" finished-at="2024-09-29T11:53:48 IST" duration-ms="2630" status="PASS">
          <reporter-output>
          </reporter-output>
        </test-method> <!-- verifyAccountReg -->
        <test-method is-config="true" signature="teraDown()[pri:0, instance:testCases.TC01_accountRegTest@359df09a]" started-at="2024-09-29T11:53:48 IST" name="teraDown" finished-at="2024-09-29T11:53:56 IST" duration-ms="8501" status="PASS">
          <reporter-output>
          </reporter-output>
        </test-method> <!-- teraDown -->
      </class> <!-- testCases.TC01_accountRegTest -->
    </test> <!-- firefoxTest -->
  </suite> <!-- Suite -->
</testng-results>
